<?xml version="1.0" encoding="UTF-8"?>
<!-- Generated by org.testng.reporters.JUnitReportReporter -->
<testsuite hostname="PCIN464192" failures="0" tests="1" name="Object_Package.Jai" time="0.011" errors="0" timestamp="2023-06-28T11:20:55 IST" skipped="0">
  <testcase classname="Object_Package.Jai" name="Hi" time="0.011"/>
  <system-out/>
</testsuite> <!-- Object_Package.Jai -->
