<?xml version="1.0" encoding="UTF-8"?>
<!-- Generated by org.testng.reporters.JUnitReportReporter -->
<testsuite hostname="MSI" failures="0" tests="2" name="Object_Package.TestClass" time="0.012" errors="0" timestamp="2023-07-18T17:15:48 IST" skipped="0">
  <testcase classname="Object_Package.TestClass" name="abc" time="0.011"/>
  <system-out/>
  <testcase classname="Object_Package.TestClass" name="bcd" time="0.001"/>
  <system-out/>
</testsuite> <!-- Object_Package.TestClass -->
