<?xml version="1.0" encoding="UTF-8"?>
<!-- Generated by org.testng.reporters.JUnitReportReporter -->
<testsuite hostname="MSI" failures="0" tests="2" name="abc.TestClass1" time="0.002" errors="0" timestamp="2023-07-18T17:19:05 IST" skipped="0">
  <testcase classname="abc.TestClass1" name="bcd" time="0.001"/>
  <system-out/>
  <testcase classname="abc.TestClass1" name="abc" time="0.001"/>
  <system-out/>
</testsuite> <!-- abc.TestClass1 -->
