<?xml version="1.0" encoding="UTF-8"?>
<!-- Generated by org.testng.reporters.JUnitReportReporter -->
<testsuite hostname="Tuf-Machine" failures="0" tests="9" name="Object_Package.Testing" time="38.172" errors="0" timestamp="2023-08-17T20:28:15 IST" skipped="0">
  <testcase classname="Object_Package.Testing" name="clickbikes" time="0.562"/>
  <system-out/>
  <testcase classname="Object_Package.Testing" name="upcoming" time="0.655"/>
  <system-out/>
  <testcase classname="Object_Package.Testing" name="honda" time="7.451"/>
  <system-out/>
  <testcase classname="Object_Package.Testing" name="details" time="10.570"/>
  <system-out/>
  <testcase classname="Object_Package.Testing" name="displayingdetails" time="0.920"/>
  <system-out/>
  <testcase classname="Object_Package.Testing" name="alreadyused" time="4.562"/>
  <system-out/>
  <testcase classname="Object_Package.Testing" name="displaycompanies" time="1.199"/>
  <system-out/>
  <testcase classname="Object_Package.Testing" name="login" time="2.278"/>
  <system-out/>
  <testcase classname="Object_Package.Testing" name="clickinggmail" time="9.975"/>
  <system-out/>
</testsuite> <!-- Object_Package.Testing -->
