<?xml version="1.0" encoding="UTF-8"?>
<!-- Generated by org.testng.reporters.JUnitReportReporter -->
<testsuite hostname="MSI" failures="0" tests="1" name="Object_Package.MainPage" time="0.009" errors="0" timestamp="2023-07-11T14:30:26 IST" skipped="0">
  <testcase classname="Object_Package.MainPage" name="abc" time="0.009"/>
  <system-out/>
</testsuite> <!-- Object_Package.MainPage -->
